<?xml version="1.0" encoding="UTF-8"?>
<testng-results ignored="0" total="1" passed="1" failed="0" skipped="0">
  <reporter-output>
  </reporter-output>
  <suite started-at="2024-08-09T18:31:27 IST" name="Suite" finished-at="2024-08-09T18:31:45 IST" duration-ms="17722">
    <groups>
    </groups>
    <test started-at="2024-08-09T18:31:27 IST" name="ChromeTest" finished-at="2024-08-09T18:31:45 IST" duration-ms="17722">
      <class name="testCases.TC002_LoginTest">
        <test-method is-config="true" signature="setup(java.lang.String)[pri:0, instance:testCases.TC002_LoginTest@750e2b97]" started-at="2024-08-09T18:31:28 IST" name="setup" finished-at="2024-08-09T18:31:39 IST" duration-ms="11352" status="PASS">
          <params>
            <param index="0">
              <value>
                <![CDATA[chrome]]>
              </value>
            </param>
          </params>
          <reporter-output>
          </reporter-output>
        </test-method> <!-- setup -->
        <test-method signature="LoginUsingValCred()[pri:0, instance:testCases.TC002_LoginTest@750e2b97]" started-at="2024-08-09T18:31:40 IST" name="LoginUsingValCred" finished-at="2024-08-09T18:31:45 IST" duration-ms="5045" status="PASS">
          <reporter-output>
          </reporter-output>
        </test-method> <!-- LoginUsingValCred -->
        <test-method is-config="true" signature="teardown()[pri:0, instance:testCases.TC002_LoginTest@750e2b97]" started-at="2024-08-09T18:31:45 IST" name="teardown" finished-at="2024-08-09T18:31:45 IST" duration-ms="481" status="PASS">
          <reporter-output>
          </reporter-output>
        </test-method> <!-- teardown -->
      </class> <!-- testCases.TC002_LoginTest -->
    </test> <!-- ChromeTest -->
  </suite> <!-- Suite -->
</testng-results>
